500
 49	49Completed!
500
 48	48Completed!
500
 47	47Completed!
500
 46	46Completed!
500
 45	45Completed!
500
 44	44Completed!
500
 43	43Completed!
500
 42	42Completed!
500
 41	41Completed!
500
 40	40Completed!
500
 39	39Completed!
500
 38	38Completed!
500
 37	37Completed!
500
 36	36Completed!
500
 35	35Completed!
500
 34	34Completed!
500
 33	33Completed!
500
 32	32Completed!
500
 31	31Completed!
500
 30	30Completed!
500
 29	29Completed!
500
 28	28Completed!
500
 27	27Completed!
500
 26	26Completed!
500
 25	25Completed!
500
 24	24Completed!
500
 23	23Completed!
500
 22	22Completed!
500
 21	21Completed!
500
 20	20Completed!
500
 19	19Completed!
500
 18	18Completed!
500
 17	17Completed!
500
 16	16Completed!
500
 15	15Completed!
500
 14	14Completed!
500
 13	13Completed!
500
 12	12Completed!
500
 11	11Completed!
500
 10	10Completed!
500
 9	9Completed!
500
 8	8Completed!
500
 7	7Completed!
500
 6	6Completed!
500
 5	5Completed!
500
 4	4Completed!
500
 3	3Completed!
500
 2	2Completed!
500
 1	1Completed!
500
 0	0Completed!
